<?xml version="1.0" encoding="UTF-8"?>
<testsuite name="com.audition.AuditionApplicationTests" tests="1" skipped="0" failures="0" errors="0" timestamp="2024-06-27T11:01:25" hostname="KSVASAN" time="0.877">
  <properties/>
  <testcase name="contextLoads()" classname="com.audition.AuditionApplicationTests" time="0.877"/>
  <system-out><![CDATA[16:31:11.628 [Test worker] DEBUG org.springframework.boot.test.context.SpringBootTestContextBootstrapper - Neither @ContextConfiguration nor @ContextHierarchy found for test class [AuditionApplicationTests]: using SpringBootContextLoader
16:31:11.644 [Test worker] DEBUG org.springframework.test.context.support.AbstractContextLoader - Could not detect default resource locations for test class [com.audition.AuditionApplicationTests]: no resource found for suffixes {-context.xml, Context.groovy}.
16:31:11.644 [Test worker] INFO org.springframework.test.context.support.AnnotationConfigContextLoaderUtils - Could not detect default configuration classes for test class [com.audition.AuditionApplicationTests]: AuditionApplicationTests does not declare any static, non-private, non-final, nested classes annotated with @Configuration.
16:31:11.738 [Test worker] DEBUG org.springframework.boot.test.context.SpringBootTestContextBootstrapper - Using ContextCustomizers for test class [AuditionApplicationTests]: [DisableObservabilityContextCustomizer, PropertyMappingContextCustomizer, Customizer, ExcludeFilterContextCustomizer, DuplicateJsonObjectContextCustomizer, MockitoContextCustomizer, TestRestTemplateContextCustomizer]
16:31:11.942 [Test worker] DEBUG org.springframework.context.annotation.ClassPathScanningCandidateComponentProvider - Identified candidate component class: file [C:\Users\KSrinivasan\IdeaProjects\audition-api\build\classes\java\main\com\audition\AuditionApplication.class]
16:31:11.942 [Test worker] INFO org.springframework.boot.test.context.SpringBootTestContextBootstrapper - Found @SpringBootConfiguration com.audition.AuditionApplication for test class com.audition.AuditionApplicationTests
16:31:12.193 [Test worker] DEBUG org.springframework.test.context.util.TestContextSpringFactoriesUtils - Skipping candidate TestExecutionListener [org.springframework.test.context.transaction.TransactionalTestExecutionListener] due to a missing dependency. Specify custom TestExecutionListener classes or make the default TestExecutionListener classes and their required dependencies available. Offending class: [org/springframework/transaction/interceptor/TransactionAttributeSource]
16:31:12.209 [Test worker] DEBUG org.springframework.test.context.util.TestContextSpringFactoriesUtils - Skipping candidate TestExecutionListener [org.springframework.test.context.jdbc.SqlScriptsTestExecutionListener] due to a missing dependency. Specify custom TestExecutionListener classes or make the default TestExecutionListener classes and their required dependencies available. Offending class: [org/springframework/transaction/interceptor/TransactionAttribute]
16:31:12.209 [Test worker] DEBUG org.springframework.boot.test.context.SpringBootTestContextBootstrapper - Using TestExecutionListeners for test class [AuditionApplicationTests]: [ServletTestExecutionListener, DirtiesContextBeforeModesTestExecutionListener, ApplicationEventsTestExecutionListener, MockitoTestExecutionListener, DependencyInjectionTestExecutionListener, DirtiesContextTestExecutionListener, EventPublishingTestExecutionListener, RestDocsTestExecutionListener, MockRestServiceServerResetTestExecutionListener, MockMvcPrintOnlyOnFailureTestExecutionListener, WebDriverTestExecutionListener, MockWebServiceServerTestExecutionListener, ResetMocksTestExecutionListener]
16:31:12.209 [Test worker] DEBUG org.springframework.test.context.support.AbstractDirtiesContextTestExecutionListener - Before test class: class [AuditionApplicationTests], class annotated with @DirtiesContext [false] with mode [null]
16:31:14,249 |-INFO in ch.qos.logback.core.joran.util.ConfigurationWatchListUtil@608c2042 - Adding [jar:file:/C:/Users/KSrinivasan/.gradle/caches/modules-2/files-2.1/org.springframework.boot/spring-boot/3.0.3/d781e7afbeb3d05ce361e9cc4fa7d38b15fb3862/spring-boot-3.0.3.jar!/org/springframework/boot/logging/logback/defaults.xml] to configuration watch list.
16:31:14,249 |-INFO in ch.qos.logback.core.joran.spi.ConfigurationWatchList@7e84a52b - URL [jar:file:/C:/Users/KSrinivasan/.gradle/caches/modules-2/files-2.1/org.springframework.boot/spring-boot/3.0.3/d781e7afbeb3d05ce361e9cc4fa7d38b15fb3862/spring-boot-3.0.3.jar!/org/springframework/boot/logging/logback/defaults.xml] is not of type file
16:31:14,249 |-INFO in ch.qos.logback.core.joran.action.ConversionRuleAction - registering conversion word clr with class [org.springframework.boot.logging.logback.ColorConverter]
16:31:14,249 |-INFO in ch.qos.logback.core.joran.action.ConversionRuleAction - registering conversion word wex with class [org.springframework.boot.logging.logback.WhitespaceThrowableProxyConverter]
16:31:14,249 |-INFO in ch.qos.logback.core.joran.action.ConversionRuleAction - registering conversion word wEx with class [org.springframework.boot.logging.logback.ExtendedWhitespaceThrowableProxyConverter]
16:31:14,344 |-INFO in ch.qos.logback.core.model.processor.AppenderModelHandler - Processing appender named [console]
16:31:14,344 |-INFO in ch.qos.logback.core.model.processor.AppenderModelHandler - About to instantiate appender of type [ch.qos.logback.core.ConsoleAppender]
16:31:14,359 |-INFO in ch.qos.logback.core.model.processor.ImplicitModelHandler - Assuming default type [ch.qos.logback.classic.encoder.PatternLayoutEncoder] for [encoder] property
16:31:14,427 |-WARN in ch.qos.logback.core.model.processor.AppenderModelHandler - Appender named [flatfile] not referenced. Skipping further processing.
16:31:14,427 |-WARN in ch.qos.logback.core.model.processor.AppenderModelHandler - Appender named [logstash] not referenced. Skipping further processing.
16:31:14,427 |-INFO in ch.qos.logback.classic.model.processor.LoggerModelHandler - Setting level of logger [org.apache.catalina.startup.DigesterFactory] to ERROR
16:31:14,427 |-INFO in ch.qos.logback.classic.jul.LevelChangePropagator@40199d5e - Propagating ERROR level on Logger[org.apache.catalina.startup.DigesterFactory] onto the JUL framework
16:31:14,427 |-INFO in ch.qos.logback.classic.model.processor.LoggerModelHandler - Setting level of logger [org.apache.catalina.util.LifecycleBase] to ERROR
16:31:14,427 |-INFO in ch.qos.logback.classic.jul.LevelChangePropagator@40199d5e - Propagating ERROR level on Logger[org.apache.catalina.util.LifecycleBase] onto the JUL framework
16:31:14,427 |-INFO in ch.qos.logback.classic.model.processor.LoggerModelHandler - Setting level of logger [org.apache.coyote.http11.Http11NioProtocol] to WARN
16:31:14,427 |-INFO in ch.qos.logback.classic.jul.LevelChangePropagator@40199d5e - Propagating WARN level on Logger[org.apache.coyote.http11.Http11NioProtocol] onto the JUL framework
16:31:14,427 |-INFO in ch.qos.logback.classic.model.processor.LoggerModelHandler - Setting level of logger [org.apache.sshd.common.util.SecurityUtils] to WARN
16:31:14,427 |-INFO in ch.qos.logback.classic.jul.LevelChangePropagator@40199d5e - Propagating WARN level on Logger[org.apache.sshd.common.util.SecurityUtils] onto the JUL framework
16:31:14,427 |-INFO in ch.qos.logback.classic.model.processor.LoggerModelHandler - Setting level of logger [org.apache.tomcat.util.net.NioSelectorPool] to WARN
16:31:14,427 |-INFO in ch.qos.logback.classic.jul.LevelChangePropagator@40199d5e - Propagating WARN level on Logger[org.apache.tomcat.util.net.NioSelectorPool] onto the JUL framework
16:31:14,427 |-INFO in ch.qos.logback.classic.model.processor.LoggerModelHandler - Setting level of logger [org.eclipse.jetty.util.component.AbstractLifeCycle] to ERROR
16:31:14,427 |-INFO in ch.qos.logback.classic.jul.LevelChangePropagator@40199d5e - Propagating ERROR level on Logger[org.eclipse.jetty.util.component.AbstractLifeCycle] onto the JUL framework
16:31:14,427 |-INFO in ch.qos.logback.classic.model.processor.LoggerModelHandler - Setting level of logger [org.hibernate.validator.internal.util.Version] to WARN
16:31:14,427 |-INFO in ch.qos.logback.classic.jul.LevelChangePropagator@40199d5e - Propagating WARN level on Logger[org.hibernate.validator.internal.util.Version] onto the JUL framework
16:31:14,427 |-INFO in ch.qos.logback.classic.model.processor.LoggerModelHandler - Setting level of logger [org.springframework.boot.actuate.endpoint.jmx] to WARN
16:31:14,427 |-INFO in ch.qos.logback.classic.jul.LevelChangePropagator@40199d5e - Propagating WARN level on Logger[org.springframework.boot.actuate.endpoint.jmx] onto the JUL framework
16:31:14,427 |-INFO in ch.qos.logback.classic.model.processor.RootLoggerModelHandler - Setting level of ROOT logger to INFO
16:31:14,427 |-INFO in ch.qos.logback.classic.jul.LevelChangePropagator@40199d5e - Propagating INFO level on Logger[ROOT] onto the JUL framework
16:31:14,427 |-INFO in ch.qos.logback.core.model.processor.AppenderRefModelHandler - Attaching appender named [console] to Logger[ROOT]
16:31:14,427 |-INFO in ch.qos.logback.core.model.processor.DefaultProcessor@5693d1d2 - End of configuration.
16:31:14,427 |-INFO in org.springframework.boot.logging.logback.SpringBootJoranConfigurator@571c7572 - Registering current configuration as safe fallback point


  .   ____          _            __ _ _
 /\\ / ___'_ __ _ _(_)_ __  __ _ \ \ \ \
( ( )\___ | '_ | '_| | '_ \/ _` | \ \ \ \
 \\/  ___)| |_)| | | | | || (_| |  ) ) ) )
  '  |____| .__|_| |_|_| |_\__, | / / / /
 =========|_|==============|___/=/_/_/_/
 :: Spring Boot ::                (v3.0.3)

2024-06-27 16:31:14.689  INFO 7556 --- [    Test worker] com.audition.AuditionApplicationTests    : Starting AuditionApplicationTests using Java 17 with PID 7556 (started by KSrinivasan in C:\Users\KSrinivasan\IdeaProjects\audition-api)
2024-06-27 16:31:14.689  INFO 7556 --- [    Test worker] com.audition.AuditionApplicationTests    : No active profile set, falling back to 1 default profile: "default"
2024-06-27 16:31:14.797  INFO 7556 --- [    Test worker] o.s.c.c.c.ConfigServerConfigDataLoader   : Fetching config from server at : http://localhost:8888
2024-06-27 16:31:14.797  INFO 7556 --- [    Test worker] o.s.c.c.c.ConfigServerConfigDataLoader   : Connect Timeout Exception on Url - http://localhost:8888. Will try the next url if available
2024-06-27 16:31:14.797  WARN 7556 --- [    Test worker] o.s.c.c.c.ConfigServerConfigDataLoader   : Could not locate PropertySource ([ConfigServerConfigDataResource@6c8d638a uris = array<String>['http://localhost:8888'], optional = true, profiles = list['default']]): I/O error on GET request for "http://localhost:8888/application/default": Connection refused: no further information
2024-06-27 16:31:16.898  INFO 7556 --- [    Test worker] o.s.cloud.context.scope.GenericScope     : BeanFactory id=659760a4-a2ef-3ae5-9476-8b65363dbba5
2024-06-27 16:31:24.564  INFO 7556 --- [    Test worker] o.s.b.a.e.web.EndpointLinksResolver      : Exposing 1 endpoint(s) beneath base path '/actuator'
2024-06-27 16:31:24.950  INFO 7556 --- [    Test worker] com.audition.AuditionApplicationTests    : Started AuditionApplicationTests in 12.62 seconds (process running for 16.095)
]]></system-out>
  <system-err><![CDATA[]]></system-err>
</testsuite>
